<?xml version="1.0" encoding="UTF-8"?>
<!-- Generated by org.testng.reporters.JUnitReportReporter -->
<testsuite skipped="0" hostname="DESKTOP-EJBO9TN" name="com.smoke.tests.VerifyLogin" tests="1" failures="0" timestamp="2021-09-09T00:49:09 IST" time="267.186" errors="0">
  <testcase name="test_29507" time="267.186" classname="com.smoke.tests.VerifyLogin"/>
  <system-out/>
</testsuite> <!-- com.smoke.tests.VerifyLogin -->
