<?xml version="1.0" encoding="UTF-8"?>
<!-- Generated by org.testng.reporters.JUnitReportReporter -->
<testsuite skipped="0" hostname="DESKTOP-EJBO9TN" name="com.smoke.tests.VerifySignup" tests="1" failures="0" timestamp="2021-09-09T00:49:09 IST" time="29.513" errors="0">
  <testcase name="test_16619" time="29.513" classname="com.smoke.tests.VerifySignup"/>
  <system-out/>
</testsuite> <!-- com.smoke.tests.VerifySignup -->
