<?xml version="1.0" encoding="UTF-8"?>
<!-- Generated by org.testng.reporters.JUnitReportReporter -->
<testsuite skipped="0" hostname="DESKTOP-EJBO9TN" name="com.smoke.tests.VerifyLogin" tests="1" failures="0" timestamp="2021-10-20T08:17:47 IST" time="269.692" errors="0">
  <testcase name="test_29508" time="269.692" classname="com.smoke.tests.VerifyLogin"/>
  <system-out/>
</testsuite> <!-- com.smoke.tests.VerifyLogin -->
