<?xml version="1.0" encoding="UTF-8"?>
<!-- Generated by org.testng.reporters.JUnitReportReporter -->
<testsuite skipped="0" hostname="DESKTOP-EJBO9TN" name="com.smoke.tests.VerifySignup" tests="1" failures="0" timestamp="2021-09-10T22:04:23 IST" time="36.920" errors="0">
  <testcase name="test_16619" time="36.920" classname="com.smoke.tests.VerifySignup"/>
  <system-out/>
</testsuite> <!-- com.smoke.tests.VerifySignup -->
